\BOOKMARK [1][-]{section.1}{\376\377\137\025\212\000}{}% 1
\BOOKMARK [1][-]{section.2}{\376\377\170\024\172\166\145\271\154\325}{}% 2
\BOOKMARK [2][-]{subsection.2.1}{\376\377\150\070\137\303\151\202\137\365\165\114\133\232}{section.2}% 3
\BOOKMARK [2][-]{subsection.2.2}{\376\377\170\024\172\166\213\276\213\241}{section.2}% 4
\BOOKMARK [2][-]{subsection.2.3}{\376\377\145\207\163\056\150\300\175\042\116\016\173\133\220\011}{section.2}% 5
\BOOKMARK [3][-]{subsubsection.2.3.1}{\376\377\150\300\175\042\173\126\165\145\213\276\213\241\116\016\230\204\213\325\232\214\213\301}{subsection.2.3}% 6
\BOOKMARK [3][-]{subsubsection.2.3.2}{\376\377\173\054\116\000\217\150\377\032\150\070\137\303\151\202\137\365\136\177\136\246\150\300\175\042\000\040\000\050\000B\000r\000o\000a\000d\000\040\000C\000o\000n\000c\000e\000p\000t\000u\000a\000l\000\040\000S\000e\000a\000r\000c\000h\000\051}{subsection.2.3}% 7
\BOOKMARK [3][-]{subsubsection.2.3.3}{\376\377\173\054\116\214\217\150\377\032\162\171\133\232\116\073\230\230\174\276\121\306\150\300\175\042\116\016\121\163\225\056\213\315\174\373\176\337\123\026\142\151\134\125\000\040\000\050\000S\000p\000e\000c\000i\000f\000i\000c\000\040\000T\000h\000e\000m\000a\000t\000i\000c\000\040\000S\000e\000a\000r\000c\000h\000\051}{subsection.2.3}% 8
\BOOKMARK [3][-]{subsubsection.2.3.4}{\376\377\145\207\163\056\145\164\124\010\060\001\210\145\121\105\116\016\173\133\220\011}{subsection.2.3}% 9
\BOOKMARK [3][-]{subsubsection.2.3.5}{\376\377\173\133\220\011\217\307\172\013\116\016\215\050\221\317\143\247\122\066}{subsection.2.3}% 10
\BOOKMARK [3][-]{subsubsection.2.3.6}{\376\377\173\133\220\011\116\045\150\074\140\047\116\016\150\067\147\054\121\105\122\006\140\047\213\272\213\301}{subsection.2.3}% 11
\BOOKMARK [2][-]{subsection.2.4}{\376\377\116\316\177\026\170\001\122\060\147\204\137\365\377\032\164\006\213\272\150\106\147\266\166\204\137\122\176\263\147\204\136\372}{section.2}% 12
\BOOKMARK [1][-]{section.3}{\376\377\211\343\147\204\000H\000W\000T\215\104\156\220\127\372\170\100\377\032\136\267\121\173\145\305\156\070\116\214\121\103\142\030\165\145\215\104\156\220\150\106\147\266}{}% 13
\BOOKMARK [2][-]{subsection.3.1}{\376\377\164\006\213\272\200\003\123\344\377\032\117\233\176\331\172\357\166\204\000"\172\326\116\225\000"\147\227\172\313\116\016\227\000\154\102\172\357\166\204\000"\203\003\137\017\215\213\124\014\000"}{section.3}% 14
\BOOKMARK [3][-]{subsubsection.3.1.1}{\376\377\117\233\176\331\172\357\170\024\172\166\166\204\000"\172\326\116\225\123\026\000"\377\032\123\352\211\301\150\021\147\050\377\014\116\015\211\301\150\356\147\227}{subsection.3.1}% 15
\BOOKMARK [3][-]{subsubsection.3.1.2}{\376\377\227\000\154\102\172\357\170\024\172\166\166\204\000"\203\003\137\017\215\213\124\014\000"\377\032\123\103\173\307\116\000\137\213\166\204\211\343\221\312\150\106\147\266}{subsection.3.1}% 16
\BOOKMARK [2][-]{subsection.3.2}{\376\377\116\316\142\374\126\376\122\060\150\106\147\266\377\032\147\204\136\372\136\267\121\173\145\305\156\070\116\214\121\103\142\030\165\145\215\104\156\220\150\106\147\266}{section.3}% 17
\BOOKMARK [1][-]{section.4}{\376\377\221\315\147\204\116\367\120\074\122\033\220\040\217\307\172\013\377\032\116\000\116\052\145\164\124\010\140\047\166\204\000"\215\104\156\220\040\023\117\123\232\214\040\023\116\367\120\074\000"\377\010\000R\000E\000V\377\011\152\041\127\213}{}% 18
\BOOKMARK [1][-]{section.5}{\376\377\213\250\213\272}{}% 19
\BOOKMARK [2][-]{subsection.5.1}{\376\377\164\006\213\272\215\041\163\056}{section.5}% 20
\BOOKMARK [2][-]{subsection.5.2}{\376\377\133\236\215\365\141\017\116\111\377\032\116\000\116\052\127\372\116\216\000R\000E\000V\152\041\127\213\166\204\116\011\226\066\153\265\142\030\165\145\133\241\213\241\135\345\121\167}{section.5}% 21
\BOOKMARK [2][-]{subsection.5.3}{\376\377\134\100\226\120\140\047\116\016\147\052\147\145\170\024\172\166\145\271\124\021}{section.5}% 22
\BOOKMARK [3][-]{subsubsection.5.3.1}{\376\377\213\256\172\013\116\000\377\032\116\316\152\041\127\213\122\060\155\113\221\317\040\024\040\024\133\236\213\301\150\300\232\214\000R\000E\000V\152\041\127\213\166\204\121\205\127\050\147\072\122\066}{subsection.5.3}% 23
\BOOKMARK [3][-]{subsubsection.5.3.2}{\376\377\213\256\172\013\116\214\377\032\116\316\227\131\140\001\123\071\221\115\122\060\122\250\140\001\200\375\122\233\040\024\040\024\143\242\172\166\215\104\156\220\127\372\170\100\166\204\157\024\123\026\116\016\221\315\147\204}{subsection.5.3}% 24
\BOOKMARK [3][-]{subsubsection.5.3.3}{\376\377\213\256\172\013\116\011\377\032\116\316\116\367\120\074\122\033\220\040\122\060\116\367\120\074\121\161\153\301\040\024\040\024\143\242\172\166\215\104\156\220\137\000\123\321\166\204\040\034\123\314\122\003\122\121\040\035\145\110\136\224}{subsection.5.3}% 25
\BOOKMARK [1][-]{section.6}{\376\377\176\323\213\272}{}% 26
